# JRE version: OpenJDK Runtime Environment (11.0.10) (build 11.0.10+0-b96-7249189)
# Java VM: OpenJDK 64-Bit Server VM (11.0.10+0-b96-7249189, mixed mode, tiered, compressed oops, g1 gc, windows-amd64)
Heap:
 garbage-first heap   total 233472K, used 81920K [0x0000000080000000, 0x0000000100000000)
  region size 1024K, 16 young (16384K), 16 survivors (16384K)
 Metaspace       used 83347K, capacity 85444K, committed 85796K, reserved 1130496K
  class space    used 10644K, capacity 11400K, committed 11520K, reserved 1048576K
GC Heap History (20 events):
Event: 3.064 GC heap before
{Heap before GC invocations=5 (full 0):
 garbage-first heap   total 233472K, used 45776K [0x0000000080000000, 0x0000000100000000)
  region size 1024K, 35 young (35840K), 4 survivors (4096K)
 Metaspace       used 18889K, capacity 19293K, committed 19328K, reserved 1067008K
  class space    used 2257K, capacity 2403K, committed 2432K, reserved 1048576K
}
Event: 3.070 GC heap after
{Heap after GC invocations=6 (full 0):
 garbage-first heap   total 233472K, used 16723K [0x0000000080000000, 0x0000000100000000)
  region size 1024K, 3 young (3072K), 3 survivors (3072K)
 Metaspace       used 18889K, capacity 19293K, committed 19328K, reserved 1067008K
  class space    used 2257K, capacity 2403K, committed 2432K, reserved 1048576K
}
Event: 3.201 GC heap before
{Heap before GC invocations=6 (full 0):
 garbage-first heap   total 233472K, used 31059K [0x0000000080000000, 0x0000000100000000)
  region size 1024K, 18 young (18432K), 3 survivors (3072K)
 Metaspace       used 20656K, capacity 21154K, committed 21296K, reserved 1069056K
  class space    used 2512K, capacity 2688K, committed 2688K, reserved 1048576K
}
Event: 3.205 GC heap after
{Heap after GC invocations=7 (full 0):
 garbage-first heap   total 233472K, used 17265K [0x0000000080000000, 0x0000000100000000)
  region size 1024K, 3 young (3072K), 3 survivors (3072K)
 Metaspace       used 20656K, capacity 21154K, committed 21296K, reserved 1069056K
  class space    used 2512K, capacity 2688K, committed 2688K, reserved 1048576K
}
Event: 3.662 GC heap before
{Heap before GC invocations=8 (full 0):
 garbage-first heap   total 233472K, used 58225K [0x0000000080000000, 0x0000000100000000)
  region size 1024K, 43 young (44032K), 3 survivors (3072K)
 Metaspace       used 25005K, capacity 25575K, committed 25648K, reserved 1071104K
  class space    used 3226K, capacity 3421K, committed 3456K, reserved 1048576K
}
Event: 3.668 GC heap after
{Heap after GC invocations=9 (full 0):
 garbage-first heap   total 233472K, used 18810K [0x0000000080000000, 0x0000000100000000)
  region size 1024K, 5 young (5120K), 5 survivors (5120K)
 Metaspace       used 25005K, capacity 25575K, committed 25648K, reserved 1071104K
  class space    used 3226K, capacity 3421K, committed 3456K, reserved 1048576K
}
Event: 4.373 GC heap before
{Heap before GC invocations=9 (full 0):
 garbage-first heap   total 233472K, used 77178K [0x0000000080000000, 0x0000000100000000)
  region size 1024K, 62 young (63488K), 5 survivors (5120K)
 Metaspace       used 33799K, capacity 34622K, committed 34864K, reserved 1079296K
  class space    used 4375K, capacity 4672K, committed 4736K, reserved 1048576K
}
Event: 4.384 GC heap after
{Heap after GC invocations=10 (full 0):
 garbage-first heap   total 233472K, used 21956K [0x0000000080000000, 0x0000000100000000)
  region size 1024K, 6 young (6144K), 6 survivors (6144K)
 Metaspace       used 33799K, capacity 34622K, committed 34864K, reserved 1079296K
  class space    used 4375K, capacity 4672K, committed 4736K, reserved 1048576K
}
Event: 4.464 GC heap before
{Heap before GC invocations=10 (full 0):
 garbage-first heap   total 233472K, used 27076K [0x0000000080000000, 0x0000000100000000)
  region size 1024K, 12 young (12288K), 6 survivors (6144K)
 Metaspace       used 34811K, capacity 35610K, committed 35708K, reserved 1081344K
  class space    used 4524K, capacity 4832K, committed 4864K, reserved 1048576K
}
Event: 4.470 GC heap after
{Heap after GC invocations=11 (full 0):
 garbage-first heap   total 233472K, used 22522K [0x0000000080000000, 0x0000000100000000)
  region size 1024K, 6 young (6144K), 6 survivors (6144K)
 Metaspace       used 34811K, capacity 35610K, committed 35708K, reserved 1081344K
  class space    used 4524K, capacity 4832K, committed 4864K, reserved 1048576K
}
Event: 5.954 GC heap before
{Heap before GC invocations=12 (full 0):
 garbage-first heap   total 233472K, used 158714K [0x0000000080000000, 0x0000000100000000)
  region size 1024K, 136 young (139264K), 6 survivors (6144K)
 Metaspace       used 45946K, capacity 47145K, committed 47484K, reserved 1091584K
  class space    used 5873K, capacity 6300K, committed 6400K, reserved 1048576K
}
Event: 5.973 GC heap after
{Heap after GC invocations=13 (full 0):
 garbage-first heap   total 233472K, used 30232K [0x0000000080000000, 0x0000000100000000)
  region size 1024K, 14 young (14336K), 14 survivors (14336K)
 Metaspace       used 45946K, capacity 47145K, committed 47484K, reserved 1091584K
  class space    used 5873K, capacity 6300K, committed 6400K, reserved 1048576K
}
Event: 7.578 GC heap before
{Heap before GC invocations=13 (full 0):
 garbage-first heap   total 233472K, used 144920K [0x0000000080000000, 0x0000000100000000)
  region size 1024K, 123 young (125952K), 14 survivors (14336K)
 Metaspace       used 58375K, capacity 59757K, committed 59940K, reserved 1101824K
  class space    used 7328K, capacity 7856K, committed 7936K, reserved 1048576K
}
Event: 7.602 GC heap after
{Heap after GC invocations=14 (full 0):
 garbage-first heap   total 233472K, used 42882K [0x0000000080000000, 0x0000000100000000)
  region size 1024K, 17 young (17408K), 17 survivors (17408K)
 Metaspace       used 58375K, capacity 59757K, committed 59940K, reserved 1101824K
  class space    used 7328K, capacity 7856K, committed 7936K, reserved 1048576K
}
Event: 9.021 GC heap before
{Heap before GC invocations=15 (full 0):
 garbage-first heap   total 233472K, used 164738K [0x0000000080000000, 0x0000000100000000)
  region size 1024K, 136 young (139264K), 17 survivors (17408K)
 Metaspace       used 69877K, capacity 71504K, committed 71588K, reserved 1112064K
  class space    used 8952K, capacity 9555K, committed 9600K, reserved 1048576K
}
Event: 9.053 GC heap after
{Heap after GC invocations=16 (full 0):
 garbage-first heap   total 233472K, used 52736K [0x0000000080000000, 0x0000000100000000)
  region size 1024K, 10 young (10240K), 10 survivors (10240K)
 Metaspace       used 69877K, capacity 71504K, committed 71588K, reserved 1112064K
  class space    used 8952K, capacity 9555K, committed 9600K, reserved 1048576K
}
Event: 10.909 GC heap before
{Heap before GC invocations=16 (full 0):
 garbage-first heap   total 233472K, used 176640K [0x0000000080000000, 0x0000000100000000)
  region size 1024K, 131 young (134144K), 10 survivors (10240K)
 Metaspace       used 81501K, capacity 83451K, committed 83748K, reserved 1122304K
  class space    used 10465K, capacity 11151K, committed 11264K, reserved 1048576K
}
Event: 10.937 GC heap after
{Heap after GC invocations=17 (full 0):
 garbage-first heap   total 233472K, used 62976K [0x0000000080000000, 0x0000000100000000)
  region size 1024K, 10 young (10240K), 10 survivors (10240K)
 Metaspace       used 81501K, capacity 83451K, committed 83748K, reserved 1122304K
  class space    used 10465K, capacity 11151K, committed 11264K, reserved 1048576K
}
Event: 12.628 GC heap before
{Heap before GC invocations=17 (full 0):
 garbage-first heap   total 233472K, used 155136K [0x0000000080000000, 0x0000000100000000)
  region size 1024K, 99 young (101376K), 10 survivors (10240K)
 Metaspace       used 83346K, capacity 85380K, committed 85540K, reserved 1130496K
  class space    used 10644K, capacity 11400K, committed 11520K, reserved 1048576K
}
Event: 12.680 GC heap after
{Heap after GC invocations=18 (full 0):
 garbage-first heap   total 233472K, used 81920K [0x0000000080000000, 0x0000000100000000)
  region size 1024K, 16 young (16384K), 16 survivors (16384K)
 Metaspace       used 83346K, capacity 85380K, committed 85540K, reserved 1130496K
  class space    used 10644K, capacity 11400K, committed 11520K, reserved 1048576K
}

