# JRE version: OpenJDK Runtime Environment (11.0.10) (build 11.0.10+0-b96-7249189)
# Java VM: OpenJDK 64-Bit Server VM (11.0.10+0-b96-7249189, mixed mode, tiered, compressed oops, g1 gc, windows-amd64)
Heap:
 garbage-first heap   total 280576K, used 140092K [0x0000000080000000, 0x0000000100000000)
  region size 1024K, 118 young (120832K), 11 survivors (11264K)
 Metaspace       used 48752K, capacity 50047K, committed 50300K, reserved 1093632K
  class space    used 6191K, capacity 6651K, committed 6656K, reserved 1048576K
GC Heap History (20 events):
Event: 0.749 GC heap before
{Heap before GC invocations=1 (full 0):
 garbage-first heap   total 233472K, used 13996K [0x0000000080000000, 0x0000000100000000)
  region size 1024K, 11 young (11264K), 2 survivors (2048K)
 Metaspace       used 9409K, capacity 9629K, committed 9728K, reserved 1058816K
  class space    used 946K, capacity 1004K, committed 1024K, reserved 1048576K
}
Event: 0.754 GC heap after
{Heap after GC invocations=2 (full 0):
 garbage-first heap   total 233472K, used 8870K [0x0000000080000000, 0x0000000100000000)
  region size 1024K, 2 young (2048K), 2 survivors (2048K)
 Metaspace       used 9409K, capacity 9629K, committed 9728K, reserved 1058816K
  class space    used 946K, capacity 1004K, committed 1024K, reserved 1048576K
}
Event: 0.960 GC heap before
{Heap before GC invocations=2 (full 0):
 garbage-first heap   total 233472K, used 18086K [0x0000000080000000, 0x0000000100000000)
  region size 1024K, 11 young (11264K), 2 survivors (2048K)
 Metaspace       used 10321K, capacity 10530K, committed 10624K, reserved 1058816K
  class space    used 1072K, capacity 1134K, committed 1152K, reserved 1048576K
}
Event: 0.963 GC heap after
{Heap after GC invocations=3 (full 0):
 garbage-first heap   total 233472K, used 9189K [0x0000000080000000, 0x0000000100000000)
  region size 1024K, 1 young (1024K), 1 survivors (1024K)
 Metaspace       used 10321K, capacity 10530K, committed 10624K, reserved 1058816K
  class space    used 1072K, capacity 1134K, committed 1152K, reserved 1048576K
}
Event: 1.252 GC heap before
{Heap before GC invocations=3 (full 0):
 garbage-first heap   total 233472K, used 24549K [0x0000000080000000, 0x0000000100000000)
  region size 1024K, 16 young (16384K), 1 survivors (1024K)
 Metaspace       used 10792K, capacity 11067K, committed 11264K, reserved 1058816K
  class space    used 1123K, capacity 1206K, committed 1280K, reserved 1048576K
}
Event: 1.253 GC heap after
{Heap after GC invocations=4 (full 0):
 garbage-first heap   total 233472K, used 9554K [0x0000000080000000, 0x0000000100000000)
  region size 1024K, 1 young (1024K), 1 survivors (1024K)
 Metaspace       used 10792K, capacity 11067K, committed 11264K, reserved 1058816K
  class space    used 1123K, capacity 1206K, committed 1280K, reserved 1048576K
}
Event: 1.437 GC heap before
{Heap before GC invocations=4 (full 0):
 garbage-first heap   total 233472K, used 34130K [0x0000000080000000, 0x0000000100000000)
  region size 1024K, 25 young (25600K), 1 survivors (1024K)
 Metaspace       used 11114K, capacity 11347K, committed 11520K, reserved 1058816K
  class space    used 1192K, capacity 1278K, committed 1280K, reserved 1048576K
}
Event: 1.440 GC heap after
{Heap after GC invocations=5 (full 0):
 garbage-first heap   total 233472K, used 13533K [0x0000000080000000, 0x0000000100000000)
  region size 1024K, 4 young (4096K), 4 survivors (4096K)
 Metaspace       used 11114K, capacity 11347K, committed 11520K, reserved 1058816K
  class space    used 1192K, capacity 1278K, committed 1280K, reserved 1048576K
}
Event: 2.185 GC heap before
{Heap before GC invocations=5 (full 0):
 garbage-first heap   total 233472K, used 44253K [0x0000000080000000, 0x0000000100000000)
  region size 1024K, 34 young (34816K), 4 survivors (4096K)
 Metaspace       used 18448K, capacity 18833K, committed 19072K, reserved 1067008K
  class space    used 2190K, capacity 2336K, committed 2432K, reserved 1048576K
}
Event: 2.190 GC heap after
{Heap after GC invocations=6 (full 0):
 garbage-first heap   total 233472K, used 16503K [0x0000000080000000, 0x0000000100000000)
  region size 1024K, 3 young (3072K), 3 survivors (3072K)
 Metaspace       used 18448K, capacity 18833K, committed 19072K, reserved 1067008K
  class space    used 2190K, capacity 2336K, committed 2432K, reserved 1048576K
}
Event: 2.355 GC heap before
{Heap before GC invocations=6 (full 0):
 garbage-first heap   total 233472K, used 33911K [0x0000000080000000, 0x0000000100000000)
  region size 1024K, 21 young (21504K), 3 survivors (3072K)
 Metaspace       used 20653K, capacity 21150K, committed 21296K, reserved 1069056K
  class space    used 2511K, capacity 2688K, committed 2688K, reserved 1048576K
}
Event: 2.360 GC heap after
{Heap after GC invocations=7 (full 0):
 garbage-first heap   total 233472K, used 16938K [0x0000000080000000, 0x0000000100000000)
  region size 1024K, 3 young (3072K), 3 survivors (3072K)
 Metaspace       used 20653K, capacity 21150K, committed 21296K, reserved 1069056K
  class space    used 2511K, capacity 2688K, committed 2688K, reserved 1048576K
}
Event: 2.744 GC heap before
{Heap before GC invocations=8 (full 0):
 garbage-first heap   total 233472K, used 57898K [0x0000000080000000, 0x0000000100000000)
  region size 1024K, 43 young (44032K), 3 survivors (3072K)
 Metaspace       used 24878K, capacity 25498K, committed 25648K, reserved 1071104K
  class space    used 3210K, capacity 3418K, committed 3456K, reserved 1048576K
}
Event: 2.751 GC heap after
{Heap after GC invocations=9 (full 0):
 garbage-first heap   total 233472K, used 18399K [0x0000000080000000, 0x0000000100000000)
  region size 1024K, 5 young (5120K), 5 survivors (5120K)
 Metaspace       used 24878K, capacity 25498K, committed 25648K, reserved 1071104K
  class space    used 3210K, capacity 3418K, committed 3456K, reserved 1048576K
}
Event: 3.582 GC heap before
{Heap before GC invocations=9 (full 0):
 garbage-first heap   total 233472K, used 77791K [0x0000000080000000, 0x0000000100000000)
  region size 1024K, 63 young (64512K), 5 survivors (5120K)
 Metaspace       used 32463K, capacity 33240K, committed 33456K, reserved 1079296K
  class space    used 4222K, capacity 4510K, committed 4608K, reserved 1048576K
}
Event: 3.592 GC heap after
{Heap after GC invocations=10 (full 0):
 garbage-first heap   total 233472K, used 21396K [0x0000000080000000, 0x0000000100000000)
  region size 1024K, 5 young (5120K), 5 survivors (5120K)
 Metaspace       used 32463K, capacity 33240K, committed 33456K, reserved 1079296K
  class space    used 4222K, capacity 4510K, committed 4608K, reserved 1048576K
}
Event: 3.697 GC heap before
{Heap before GC invocations=10 (full 0):
 garbage-first heap   total 233472K, used 27540K [0x0000000080000000, 0x0000000100000000)
  region size 1024K, 12 young (12288K), 5 survivors (5120K)
 Metaspace       used 34807K, capacity 35606K, committed 35708K, reserved 1081344K
  class space    used 4525K, capacity 4832K, committed 4864K, reserved 1048576K
}
Event: 3.705 GC heap after
{Heap after GC invocations=11 (full 0):
 garbage-first heap   total 280576K, used 22317K [0x0000000080000000, 0x0000000100000000)
  region size 1024K, 6 young (6144K), 6 survivors (6144K)
 Metaspace       used 34807K, capacity 35606K, committed 35708K, reserved 1081344K
  class space    used 4525K, capacity 4832K, committed 4864K, reserved 1048576K
}
Event: 4.627 GC heap before
{Heap before GC invocations=12 (full 0):
 garbage-first heap   total 280576K, used 102189K [0x0000000080000000, 0x0000000100000000)
  region size 1024K, 82 young (83968K), 6 survivors (6144K)
 Metaspace       used 40769K, capacity 41712K, committed 41852K, reserved 1085440K
  class space    used 5245K, capacity 5598K, committed 5632K, reserved 1048576K
}
Event: 4.640 GC heap after
{Heap after GC invocations=13 (full 0):
 garbage-first heap   total 280576K, used 27452K [0x0000000080000000, 0x0000000100000000)
  region size 1024K, 11 young (11264K), 11 survivors (11264K)
 Metaspace       used 40769K, capacity 41712K, committed 41852K, reserved 1085440K
  class space    used 5245K, capacity 5598K, committed 5632K, reserved 1048576K
}

