# JRE version: OpenJDK Runtime Environment (11.0.10) (build 11.0.10+0-b96-7249189)
# Java VM: OpenJDK 64-Bit Server VM (11.0.10+0-b96-7249189, mixed mode, tiered, compressed oops, g1 gc, windows-amd64)
Heap:
 garbage-first heap   total 233472K, used 85243K [0x0000000080000000, 0x0000000100000000)
  region size 1024K, 34 young (34816K), 6 survivors (6144K)
 Metaspace       used 80524K, capacity 82489K, committed 82596K, reserved 1120256K
  class space    used 10391K, capacity 11108K, committed 11136K, reserved 1048576K
GC Heap History (20 events):
Event: 3.883 GC heap before
{Heap before GC invocations=5 (full 0):
 garbage-first heap   total 233472K, used 43595K [0x0000000080000000, 0x0000000100000000)
  region size 1024K, 33 young (33792K), 4 survivors (4096K)
 Metaspace       used 18221K, capacity 18603K, committed 18688K, reserved 1064960K
  class space    used 2164K, capacity 2302K, committed 2304K, reserved 1048576K
}
Event: 3.891 GC heap after
{Heap after GC invocations=6 (full 0):
 garbage-first heap   total 233472K, used 16424K [0x0000000080000000, 0x0000000100000000)
  region size 1024K, 3 young (3072K), 3 survivors (3072K)
 Metaspace       used 18221K, capacity 18603K, committed 18688K, reserved 1064960K
  class space    used 2164K, capacity 2302K, committed 2304K, reserved 1048576K
}
Event: 4.207 GC heap before
{Heap before GC invocations=6 (full 0):
 garbage-first heap   total 233472K, used 34856K [0x0000000080000000, 0x0000000100000000)
  region size 1024K, 22 young (22528K), 3 survivors (3072K)
 Metaspace       used 20663K, capacity 21150K, committed 21296K, reserved 1069056K
  class space    used 2513K, capacity 2688K, committed 2688K, reserved 1048576K
}
Event: 4.213 GC heap after
{Heap after GC invocations=7 (full 0):
 garbage-first heap   total 233472K, used 16991K [0x0000000080000000, 0x0000000100000000)
  region size 1024K, 3 young (3072K), 3 survivors (3072K)
 Metaspace       used 20663K, capacity 21150K, committed 21296K, reserved 1069056K
  class space    used 2513K, capacity 2688K, committed 2688K, reserved 1048576K
}
Event: 5.310 GC heap before
{Heap before GC invocations=8 (full 0):
 garbage-first heap   total 233472K, used 57951K [0x0000000080000000, 0x0000000100000000)
  region size 1024K, 43 young (44032K), 3 survivors (3072K)
 Metaspace       used 24876K, capacity 25434K, committed 25648K, reserved 1071104K
  class space    used 3210K, capacity 3418K, committed 3456K, reserved 1048576K
}
Event: 5.317 GC heap after
{Heap after GC invocations=9 (full 0):
 garbage-first heap   total 233472K, used 18280K [0x0000000080000000, 0x0000000100000000)
  region size 1024K, 5 young (5120K), 5 survivors (5120K)
 Metaspace       used 24876K, capacity 25434K, committed 25648K, reserved 1071104K
  class space    used 3210K, capacity 3418K, committed 3456K, reserved 1048576K
}
Event: 6.864 GC heap before
{Heap before GC invocations=9 (full 0):
 garbage-first heap   total 233472K, used 77672K [0x0000000080000000, 0x0000000100000000)
  region size 1024K, 63 young (64512K), 5 survivors (5120K)
 Metaspace       used 32419K, capacity 33176K, committed 33456K, reserved 1079296K
  class space    used 4222K, capacity 4510K, committed 4608K, reserved 1048576K
}
Event: 6.875 GC heap after
{Heap after GC invocations=10 (full 0):
 garbage-first heap   total 233472K, used 21241K [0x0000000080000000, 0x0000000100000000)
  region size 1024K, 5 young (5120K), 5 survivors (5120K)
 Metaspace       used 32419K, capacity 33176K, committed 33456K, reserved 1079296K
  class space    used 4222K, capacity 4510K, committed 4608K, reserved 1048576K
}
Event: 7.066 GC heap before
{Heap before GC invocations=10 (full 0):
 garbage-first heap   total 233472K, used 27385K [0x0000000080000000, 0x0000000100000000)
  region size 1024K, 13 young (13312K), 5 survivors (5120K)
 Metaspace       used 34838K, capacity 35606K, committed 35708K, reserved 1081344K
  class space    used 4528K, capacity 4832K, committed 4864K, reserved 1048576K
}
Event: 7.074 GC heap after
{Heap after GC invocations=11 (full 0):
 garbage-first heap   total 233472K, used 23189K [0x0000000080000000, 0x0000000100000000)
  region size 1024K, 7 young (7168K), 7 survivors (7168K)
 Metaspace       used 34838K, capacity 35606K, committed 35708K, reserved 1081344K
  class space    used 4528K, capacity 4832K, committed 4864K, reserved 1048576K
}
Event: 9.332 GC heap before
{Heap before GC invocations=12 (full 0):
 garbage-first heap   total 233472K, used 104085K [0x0000000080000000, 0x0000000100000000)
  region size 1024K, 84 young (86016K), 7 survivors (7168K)
 Metaspace       used 41132K, capacity 42141K, committed 42492K, reserved 1085440K
  class space    used 5295K, capacity 5634K, committed 5760K, reserved 1048576K
}
Event: 9.351 GC heap after
{Heap after GC invocations=13 (full 0):
 garbage-first heap   total 233472K, used 27357K [0x0000000080000000, 0x0000000100000000)
  region size 1024K, 9 young (9216K), 9 survivors (9216K)
 Metaspace       used 41132K, capacity 42141K, committed 42492K, reserved 1085440K
  class space    used 5295K, capacity 5634K, committed 5760K, reserved 1048576K
}
Event: 12.502 GC heap before
{Heap before GC invocations=13 (full 0):
 garbage-first heap   total 233472K, used 139997K [0x0000000080000000, 0x0000000100000000)
  region size 1024K, 115 young (117760K), 9 survivors (9216K)
 Metaspace       used 49154K, capacity 50487K, committed 50684K, reserved 1093632K
  class space    used 6257K, capacity 6714K, committed 6784K, reserved 1048576K
}
Event: 12.527 GC heap after
{Heap after GC invocations=14 (full 0):
 garbage-first heap   total 233472K, used 40960K [0x0000000080000000, 0x0000000100000000)
  region size 1024K, 15 young (15360K), 15 survivors (15360K)
 Metaspace       used 49154K, capacity 50487K, committed 50684K, reserved 1093632K
  class space    used 6257K, capacity 6714K, committed 6784K, reserved 1048576K
}
Event: 14.086 GC heap before
{Heap before GC invocations=14 (full 0):
 garbage-first heap   total 233472K, used 99328K [0x0000000080000000, 0x0000000100000000)
  region size 1024K, 73 young (74752K), 15 survivors (15360K)
 Metaspace       used 58441K, capacity 59832K, committed 59940K, reserved 1101824K
  class space    used 7349K, capacity 7863K, committed 7936K, reserved 1048576K
}
Event: 14.109 GC heap after
{Heap after GC invocations=15 (full 0):
 garbage-first heap   total 233472K, used 43520K [0x0000000080000000, 0x0000000100000000)
  region size 1024K, 3 young (3072K), 3 survivors (3072K)
 Metaspace       used 58441K, capacity 59832K, committed 59940K, reserved 1101824K
  class space    used 7349K, capacity 7863K, committed 7936K, reserved 1048576K
}
Event: 16.894 GC heap before
{Heap before GC invocations=16 (full 0):
 garbage-first heap   total 233472K, used 141824K [0x0000000080000000, 0x0000000100000000)
  region size 1024K, 99 young (101376K), 3 survivors (3072K)
 Metaspace       used 66674K, capacity 68239K, committed 68516K, reserved 1110016K
  class space    used 8432K, capacity 8986K, committed 9088K, reserved 1048576K
}
Event: 16.912 GC heap after
{Heap after GC invocations=17 (full 0):
 garbage-first heap   total 233472K, used 51664K [0x0000000080000000, 0x0000000100000000)
  region size 1024K, 11 young (11264K), 11 survivors (11264K)
 Metaspace       used 66674K, capacity 68239K, committed 68516K, reserved 1110016K
  class space    used 8432K, capacity 8986K, committed 9088K, reserved 1048576K
}
Event: 19.947 GC heap before
{Heap before GC invocations=17 (full 0):
 garbage-first heap   total 233472K, used 152016K [0x0000000080000000, 0x0000000100000000)
  region size 1024K, 109 young (111616K), 11 survivors (11264K)
 Metaspace       used 77514K, capacity 79365K, committed 79652K, reserved 1118208K
  class space    used 10012K, capacity 10699K, committed 10752K, reserved 1048576K
}
Event: 19.973 GC heap after
{Heap after GC invocations=18 (full 0):
 garbage-first heap   total 233472K, used 57595K [0x0000000080000000, 0x0000000100000000)
  region size 1024K, 6 young (6144K), 6 survivors (6144K)
 Metaspace       used 77514K, capacity 79365K, committed 79652K, reserved 1118208K
  class space    used 10012K, capacity 10699K, committed 10752K, reserved 1048576K
}

