# JRE version: OpenJDK Runtime Environment (11.0.10) (build 11.0.10+0-b96-7249189)
# Java VM: OpenJDK 64-Bit Server VM (11.0.10+0-b96-7249189, mixed mode, tiered, compressed oops, g1 gc, windows-amd64)
Heap:
 garbage-first heap   total 280576K, used 76979K [0x0000000080000000, 0x0000000100000000)
  region size 1024K, 59 young (60416K), 13 survivors (13312K)
 Metaspace       used 47221K, capacity 48417K, committed 48636K, reserved 1091584K
  class space    used 5996K, capacity 6416K, committed 6528K, reserved 1048576K
GC Heap History (20 events):
Event: 0.880 GC heap before
{Heap before GC invocations=1 (full 0):
 garbage-first heap   total 233472K, used 14063K [0x0000000080000000, 0x0000000100000000)
  region size 1024K, 11 young (11264K), 2 survivors (2048K)
 Metaspace       used 9402K, capacity 9633K, committed 9728K, reserved 1058816K
  class space    used 945K, capacity 1004K, committed 1024K, reserved 1048576K
}
Event: 0.884 GC heap after
{Heap after GC invocations=2 (full 0):
 garbage-first heap   total 233472K, used 9137K [0x0000000080000000, 0x0000000100000000)
  region size 1024K, 2 young (2048K), 2 survivors (2048K)
 Metaspace       used 9402K, capacity 9633K, committed 9728K, reserved 1058816K
  class space    used 945K, capacity 1004K, committed 1024K, reserved 1048576K
}
Event: 1.102 GC heap before
{Heap before GC invocations=2 (full 0):
 garbage-first heap   total 233472K, used 17329K [0x0000000080000000, 0x0000000100000000)
  region size 1024K, 11 young (11264K), 2 survivors (2048K)
 Metaspace       used 10310K, capacity 10534K, committed 10624K, reserved 1058816K
  class space    used 1073K, capacity 1134K, committed 1152K, reserved 1048576K
}
Event: 1.105 GC heap after
{Heap after GC invocations=3 (full 0):
 garbage-first heap   total 233472K, used 9526K [0x0000000080000000, 0x0000000100000000)
  region size 1024K, 1 young (1024K), 1 survivors (1024K)
 Metaspace       used 10310K, capacity 10534K, committed 10624K, reserved 1058816K
  class space    used 1073K, capacity 1134K, committed 1152K, reserved 1048576K
}
Event: 1.352 GC heap before
{Heap before GC invocations=3 (full 0):
 garbage-first heap   total 233472K, used 24886K [0x0000000080000000, 0x0000000100000000)
  region size 1024K, 16 young (16384K), 1 survivors (1024K)
 Metaspace       used 10760K, capacity 11007K, committed 11264K, reserved 1058816K
  class space    used 1123K, capacity 1206K, committed 1280K, reserved 1048576K
}
Event: 1.355 GC heap after
{Heap after GC invocations=4 (full 0):
 garbage-first heap   total 233472K, used 9886K [0x0000000080000000, 0x0000000100000000)
  region size 1024K, 1 young (1024K), 1 survivors (1024K)
 Metaspace       used 10760K, capacity 11007K, committed 11264K, reserved 1058816K
  class space    used 1123K, capacity 1206K, committed 1280K, reserved 1048576K
}
Event: 1.627 GC heap before
{Heap before GC invocations=4 (full 0):
 garbage-first heap   total 233472K, used 34462K [0x0000000080000000, 0x0000000100000000)
  region size 1024K, 25 young (25600K), 1 survivors (1024K)
 Metaspace       used 11118K, capacity 11351K, committed 11520K, reserved 1058816K
  class space    used 1194K, capacity 1278K, committed 1280K, reserved 1048576K
}
Event: 1.631 GC heap after
{Heap after GC invocations=5 (full 0):
 garbage-first heap   total 233472K, used 13869K [0x0000000080000000, 0x0000000100000000)
  region size 1024K, 4 young (4096K), 4 survivors (4096K)
 Metaspace       used 11118K, capacity 11351K, committed 11520K, reserved 1058816K
  class space    used 1194K, capacity 1278K, committed 1280K, reserved 1048576K
}
Event: 2.515 GC heap before
{Heap before GC invocations=5 (full 0):
 garbage-first heap   total 233472K, used 44589K [0x0000000080000000, 0x0000000100000000)
  region size 1024K, 34 young (34816K), 4 survivors (4096K)
 Metaspace       used 18323K, capacity 18773K, committed 19072K, reserved 1067008K
  class space    used 2176K, capacity 2336K, committed 2432K, reserved 1048576K
}
Event: 2.521 GC heap after
{Heap after GC invocations=6 (full 0):
 garbage-first heap   total 233472K, used 16411K [0x0000000080000000, 0x0000000100000000)
  region size 1024K, 3 young (3072K), 3 survivors (3072K)
 Metaspace       used 18323K, capacity 18773K, committed 19072K, reserved 1067008K
  class space    used 2176K, capacity 2336K, committed 2432K, reserved 1048576K
}
Event: 2.710 GC heap before
{Heap before GC invocations=6 (full 0):
 garbage-first heap   total 233472K, used 33819K [0x0000000080000000, 0x0000000100000000)
  region size 1024K, 21 young (21504K), 3 survivors (3072K)
 Metaspace       used 20650K, capacity 21154K, committed 21296K, reserved 1069056K
  class space    used 2511K, capacity 2688K, committed 2688K, reserved 1048576K
}
Event: 2.714 GC heap after
{Heap after GC invocations=7 (full 0):
 garbage-first heap   total 233472K, used 16797K [0x0000000080000000, 0x0000000100000000)
  region size 1024K, 3 young (3072K), 3 survivors (3072K)
 Metaspace       used 20650K, capacity 21154K, committed 21296K, reserved 1069056K
  class space    used 2511K, capacity 2688K, committed 2688K, reserved 1048576K
}
Event: 3.210 GC heap before
{Heap before GC invocations=8 (full 0):
 garbage-first heap   total 233472K, used 58781K [0x0000000080000000, 0x0000000100000000)
  region size 1024K, 44 young (45056K), 3 survivors (3072K)
 Metaspace       used 25012K, capacity 25575K, committed 25648K, reserved 1071104K
  class space    used 3227K, capacity 3421K, committed 3456K, reserved 1048576K
}
Event: 3.226 GC heap after
{Heap after GC invocations=9 (full 0):
 garbage-first heap   total 233472K, used 18239K [0x0000000080000000, 0x0000000100000000)
  region size 1024K, 5 young (5120K), 5 survivors (5120K)
 Metaspace       used 25012K, capacity 25575K, committed 25648K, reserved 1071104K
  class space    used 3227K, capacity 3421K, committed 3456K, reserved 1048576K
}
Event: 4.322 GC heap before
{Heap before GC invocations=9 (full 0):
 garbage-first heap   total 233472K, used 78655K [0x0000000080000000, 0x0000000100000000)
  region size 1024K, 64 young (65536K), 5 survivors (5120K)
 Metaspace       used 34010K, capacity 34867K, committed 35120K, reserved 1079296K
  class space    used 4410K, capacity 4712K, committed 4736K, reserved 1048576K
}
Event: 4.333 GC heap after
{Heap after GC invocations=10 (full 0):
 garbage-first heap   total 233472K, used 21992K [0x0000000080000000, 0x0000000100000000)
  region size 1024K, 6 young (6144K), 6 survivors (6144K)
 Metaspace       used 34010K, capacity 34867K, committed 35120K, reserved 1079296K
  class space    used 4410K, capacity 4712K, committed 4736K, reserved 1048576K
}
Event: 4.423 GC heap before
{Heap before GC invocations=10 (full 0):
 garbage-first heap   total 233472K, used 26088K [0x0000000080000000, 0x0000000100000000)
  region size 1024K, 11 young (11264K), 6 survivors (6144K)
 Metaspace       used 34802K, capacity 35610K, committed 35708K, reserved 1081344K
  class space    used 4528K, capacity 4832K, committed 4864K, reserved 1048576K
}
Event: 4.431 GC heap after
{Heap after GC invocations=11 (full 0):
 garbage-first heap   total 233472K, used 22207K [0x0000000080000000, 0x0000000100000000)
  region size 1024K, 6 young (6144K), 6 survivors (6144K)
 Metaspace       used 34802K, capacity 35610K, committed 35708K, reserved 1081344K
  class space    used 4528K, capacity 4832K, committed 4864K, reserved 1048576K
}
Event: 5.869 GC heap before
{Heap before GC invocations=12 (full 0):
 garbage-first heap   total 233472K, used 146111K [0x0000000080000000, 0x0000000100000000)
  region size 1024K, 124 young (126976K), 6 survivors (6144K)
 Metaspace       used 44858K, capacity 45971K, committed 46332K, reserved 1089536K
  class space    used 5748K, capacity 6145K, committed 6272K, reserved 1048576K
}
Event: 5.888 GC heap after
{Heap after GC invocations=13 (full 0):
 garbage-first heap   total 280576K, used 28851K [0x0000000080000000, 0x0000000100000000)
  region size 1024K, 13 young (13312K), 13 survivors (13312K)
 Metaspace       used 44858K, capacity 45971K, committed 46332K, reserved 1089536K
  class space    used 5748K, capacity 6145K, committed 6272K, reserved 1048576K
}

