# JRE version: OpenJDK Runtime Environment (11.0.10) (build 11.0.10+0-b96-7249189)
# Java VM: OpenJDK 64-Bit Server VM (11.0.10+0-b96-7249189, mixed mode, tiered, compressed oops, g1 gc, windows-amd64)
Heap:
 garbage-first heap   total 280576K, used 118272K [0x0000000080000000, 0x0000000100000000)
  region size 1024K, 64 young (65536K), 21 survivors (21504K)
 Metaspace       used 83531K, capacity 85583K, committed 85796K, reserved 1124352K
  class space    used 10694K, capacity 11428K, committed 11520K, reserved 1048576K
GC Heap History (20 events):
Event: 1.643 GC heap before
{Heap before GC invocations=4 (full 0):
 garbage-first heap   total 233472K, used 34560K [0x0000000080000000, 0x0000000100000000)
  region size 1024K, 25 young (25600K), 1 survivors (1024K)
 Metaspace       used 11063K, capacity 11351K, committed 11520K, reserved 1058816K
  class space    used 1179K, capacity 1278K, committed 1280K, reserved 1048576K
}
Event: 1.646 GC heap after
{Heap after GC invocations=5 (full 0):
 garbage-first heap   total 233472K, used 13964K [0x0000000080000000, 0x0000000100000000)
  region size 1024K, 4 young (4096K), 4 survivors (4096K)
 Metaspace       used 11063K, capacity 11351K, committed 11520K, reserved 1058816K
  class space    used 1179K, capacity 1278K, committed 1280K, reserved 1048576K
}
Event: 2.564 GC heap before
{Heap before GC invocations=5 (full 0):
 garbage-first heap   total 233472K, used 44684K [0x0000000080000000, 0x0000000100000000)
  region size 1024K, 34 young (34816K), 4 survivors (4096K)
 Metaspace       used 18190K, capacity 18607K, committed 18688K, reserved 1064960K
  class space    used 2157K, capacity 2302K, committed 2304K, reserved 1048576K
}
Event: 2.572 GC heap after
{Heap after GC invocations=6 (full 0):
 garbage-first heap   total 233472K, used 16812K [0x0000000080000000, 0x0000000100000000)
  region size 1024K, 3 young (3072K), 3 survivors (3072K)
 Metaspace       used 18190K, capacity 18607K, committed 18688K, reserved 1064960K
  class space    used 2157K, capacity 2302K, committed 2304K, reserved 1048576K
}
Event: 2.832 GC heap before
{Heap before GC invocations=6 (full 0):
 garbage-first heap   total 233472K, used 36268K [0x0000000080000000, 0x0000000100000000)
  region size 1024K, 23 young (23552K), 3 survivors (3072K)
 Metaspace       used 20663K, capacity 21154K, committed 21296K, reserved 1069056K
  class space    used 2512K, capacity 2688K, committed 2688K, reserved 1048576K
}
Event: 2.837 GC heap after
{Heap after GC invocations=7 (full 0):
 garbage-first heap   total 233472K, used 17230K [0x0000000080000000, 0x0000000100000000)
  region size 1024K, 3 young (3072K), 3 survivors (3072K)
 Metaspace       used 20663K, capacity 21154K, committed 21296K, reserved 1069056K
  class space    used 2512K, capacity 2688K, committed 2688K, reserved 1048576K
}
Event: 3.315 GC heap before
{Heap before GC invocations=8 (full 0):
 garbage-first heap   total 233472K, used 58190K [0x0000000080000000, 0x0000000100000000)
  region size 1024K, 44 young (45056K), 3 survivors (3072K)
 Metaspace       used 25006K, capacity 25511K, committed 25648K, reserved 1071104K
  class space    used 3225K, capacity 3421K, committed 3456K, reserved 1048576K
}
Event: 3.322 GC heap after
{Heap after GC invocations=9 (full 0):
 garbage-first heap   total 233472K, used 18791K [0x0000000080000000, 0x0000000100000000)
  region size 1024K, 5 young (5120K), 5 survivors (5120K)
 Metaspace       used 25006K, capacity 25511K, committed 25648K, reserved 1071104K
  class space    used 3225K, capacity 3421K, committed 3456K, reserved 1048576K
}
Event: 4.240 GC heap before
{Heap before GC invocations=9 (full 0):
 garbage-first heap   total 233472K, used 79207K [0x0000000080000000, 0x0000000100000000)
  region size 1024K, 64 young (65536K), 5 survivors (5120K)
 Metaspace       used 33932K, capacity 34756K, committed 34864K, reserved 1079296K
  class space    used 4395K, capacity 4675K, committed 4736K, reserved 1048576K
}
Event: 4.251 GC heap after
{Heap after GC invocations=10 (full 0):
 garbage-first heap   total 233472K, used 21908K [0x0000000080000000, 0x0000000100000000)
  region size 1024K, 6 young (6144K), 6 survivors (6144K)
 Metaspace       used 33932K, capacity 34756K, committed 34864K, reserved 1079296K
  class space    used 4395K, capacity 4675K, committed 4736K, reserved 1048576K
}
Event: 4.438 GC heap before
{Heap before GC invocations=10 (full 0):
 garbage-first heap   total 233472K, used 26004K [0x0000000080000000, 0x0000000100000000)
  region size 1024K, 11 young (11264K), 6 survivors (6144K)
 Metaspace       used 34809K, capacity 35610K, committed 35708K, reserved 1081344K
  class space    used 4524K, capacity 4832K, committed 4864K, reserved 1048576K
}
Event: 4.445 GC heap after
{Heap after GC invocations=11 (full 0):
 garbage-first heap   total 280576K, used 22508K [0x0000000080000000, 0x0000000100000000)
  region size 1024K, 6 young (6144K), 6 survivors (6144K)
 Metaspace       used 34809K, capacity 35610K, committed 35708K, reserved 1081344K
  class space    used 4524K, capacity 4832K, committed 4864K, reserved 1048576K
}
Event: 5.883 GC heap before
{Heap before GC invocations=12 (full 0):
 garbage-first heap   total 280576K, used 141292K [0x0000000080000000, 0x0000000100000000)
  region size 1024K, 119 young (121856K), 6 survivors (6144K)
 Metaspace       used 44251K, capacity 45296K, committed 45308K, reserved 1089536K
  class space    used 5657K, capacity 6004K, committed 6016K, reserved 1048576K
}
Event: 5.901 GC heap after
{Heap after GC invocations=13 (full 0):
 garbage-first heap   total 280576K, used 28640K [0x0000000080000000, 0x0000000100000000)
  region size 1024K, 12 young (12288K), 12 survivors (12288K)
 Metaspace       used 44251K, capacity 45296K, committed 45308K, reserved 1089536K
  class space    used 5657K, capacity 6004K, committed 6016K, reserved 1048576K
}
Event: 7.776 GC heap before
{Heap before GC invocations=13 (full 0):
 garbage-first heap   total 280576K, used 166880K [0x0000000080000000, 0x0000000100000000)
  region size 1024K, 145 young (148480K), 12 survivors (12288K)
 Metaspace       used 58472K, capacity 59839K, committed 59940K, reserved 1101824K
  class space    used 7343K, capacity 7863K, committed 7936K, reserved 1048576K
}
Event: 7.805 GC heap after
{Heap after GC invocations=14 (full 0):
 garbage-first heap   total 280576K, used 43420K [0x0000000080000000, 0x0000000100000000)
  region size 1024K, 21 young (21504K), 21 survivors (21504K)
 Metaspace       used 58472K, capacity 59839K, committed 59940K, reserved 1101824K
  class space    used 7343K, capacity 7863K, committed 7936K, reserved 1048576K
}
Event: 9.605 GC heap before
{Heap before GC invocations=15 (full 0):
 garbage-first heap   total 280576K, used 189852K [0x0000000080000000, 0x0000000100000000)
  region size 1024K, 164 young (167936K), 21 survivors (21504K)
 Metaspace       used 71936K, capacity 73581K, committed 73764K, reserved 1114112K
  class space    used 9262K, capacity 9860K, committed 9984K, reserved 1048576K
}
Event: 9.650 GC heap after
{Heap after GC invocations=16 (full 0):
 garbage-first heap   total 280576K, used 53668K [0x0000000080000000, 0x0000000100000000)
  region size 1024K, 21 young (21504K), 21 survivors (21504K)
 Metaspace       used 71936K, capacity 73581K, committed 73764K, reserved 1114112K
  class space    used 9262K, capacity 9860K, committed 9984K, reserved 1048576K
}
Event: 11.978 GC heap before
{Heap before GC invocations=16 (full 0):
 garbage-first heap   total 280576K, used 201124K [0x0000000080000000, 0x0000000100000000)
  region size 1024K, 164 young (167936K), 21 survivors (21504K)
 Metaspace       used 82225K, capacity 84297K, committed 84516K, reserved 1122304K
  class space    used 10553K, capacity 11255K, committed 11264K, reserved 1048576K
}
Event: 12.015 GC heap after
{Heap after GC invocations=17 (full 0):
 garbage-first heap   total 280576K, used 68096K [0x0000000080000000, 0x0000000100000000)
  region size 1024K, 21 young (21504K), 21 survivors (21504K)
 Metaspace       used 82225K, capacity 84297K, committed 84516K, reserved 1122304K
  class space    used 10553K, capacity 11255K, committed 11264K, reserved 1048576K
}

